  AbstractModel.cpp
  AbstractObject.cpp
  Application.cpp
D:\github\opengl\oop\oop\Application.cpp(528,16): warning C4244: '=': conversion from 'double' to 'float', possible loss of data
D:\github\opengl\oop\oop\Application.cpp(529,16): warning C4244: '=': conversion from 'double' to 'float', possible loss of data
D:\github\opengl\oop\oop\Application.cpp(533,16): warning C4244: 'initializing': conversion from 'double' to 'float', possible loss of data
D:\github\opengl\oop\oop\Application.cpp(534,16): warning C4244: 'initializing': conversion from 'double' to 'float', possible loss of data
D:\github\opengl\oop\oop\Application.cpp(535,15): warning C4244: '=': conversion from 'double' to 'float', possible loss of data
D:\github\opengl\oop\oop\Application.cpp(536,15): warning C4244: '=': conversion from 'double' to 'float', possible loss of data
  Camera.cpp
  ConcreteGround.cpp
  House.cpp
  ModelConcreteGround.cpp
  ModelHouse.cpp
  ModelPlain.cpp
  ModelSkybox.cpp
  ModelSphere.cpp
D:\github\opengl\oop\oop\models\sphere.h(2886,1): warning C4305: 'initializing': truncation from 'double' to '_Ty'
          with
          [
              _Ty=float
          ]
  ModelSuziFlat.cpp
D:\github\opengl\oop\oop\models\suzi_flat.h(2910,1): warning C4305: 'initializing': truncation from 'double' to '_Ty'
          with
          [
              _Ty=float
          ]
  ModelTerrain.cpp
  ModelTree.cpp
  ModelZombie.cpp
  ObjectFactory.cpp
  ObjectManager.cpp
  Plain.cpp
  Renderer.cpp
D:\github\opengl\oop\oop\Renderer.cpp(13,22): warning C4244: 'initializing': conversion from 'double' to 'float', possible loss of data
  Shader.cpp
  Generating Code...
  Compiling...
  ShaderLoader.cpp
  Skybox.cpp
  Source.cpp
  ITransformation.cpp
  Sphere.cpp
  SuziFlat.cpp
  Terrain.cpp
  Tree.cpp
  Types.cpp
  Window.cpp
  Zombie.cpp
  Generating Code...
  SOIL.lib(SOIL.obj) : MSIL .netmodule or module compiled with /GL found; restarting link with /LTCG; add /LTCG to the link command line to improve linker performance
LINK : warning LNK4075: ignoring '/INCREMENTAL' due to '/LTCG' specification
LINK : warning LNK4098: defaultlib 'MSVCRT' conflicts with use of other libs; use /NODEFAULTLIB:library
  Generating code
  Finished generating code
SOIL.lib(SOIL.obj) : warning LNK4099: PDB 'vc110.pdb' was not found with 'SOIL.lib(SOIL.obj)' or at 'D:\github\opengl\oop\Debug\vc110.pdb'; linking object as if no debug info
SOIL.lib(stb_image_aug.obj) : warning LNK4099: PDB 'vc110.pdb' was not found with 'SOIL.lib(stb_image_aug.obj)' or at 'D:\github\opengl\oop\Debug\vc110.pdb'; linking object as if no debug info
SOIL.lib(image_helper.obj) : warning LNK4099: PDB 'vc110.pdb' was not found with 'SOIL.lib(image_helper.obj)' or at 'D:\github\opengl\oop\Debug\vc110.pdb'; linking object as if no debug info
SOIL.lib(image_DXT.obj) : warning LNK4099: PDB 'vc110.pdb' was not found with 'SOIL.lib(image_DXT.obj)' or at 'D:\github\opengl\oop\Debug\vc110.pdb'; linking object as if no debug info
  oop.vcxproj -> D:\github\opengl\oop\Debug\opengl.exe
