d:\disk google\vsprojects\vsb\zpg\oop\oop\debug\vc142.pdb
d:\disk google\vsprojects\vsb\zpg\oop\oop\debug\vc142.idb
d:\disk google\vsprojects\vsb\zpg\oop\oop\debug\window.obj
d:\disk google\vsprojects\vsb\zpg\oop\oop\debug\source.obj
d:\disk google\vsprojects\vsb\zpg\oop\oop\debug\shader.obj
d:\disk google\vsprojects\vsb\zpg\oop\oop\debug\renderer.obj
d:\disk google\vsprojects\vsb\zpg\oop\oop\debug\camera.obj
d:\disk google\vsprojects\vsb\zpg\oop\oop\debug\application.obj
d:\disk google\vsprojects\vsb\zpg\oop\oop\debug\itransformation.obj
d:\disk google\vsprojects\vsb\zpg\oop\oop\debug\skybox.obj
d:\disk google\vsprojects\vsb\zpg\oop\oop\debug\shaderloader.obj
d:\disk google\vsprojects\vsb\zpg\oop\oop\debug\plain.obj
d:\disk google\vsprojects\vsb\zpg\oop\oop\debug\objectmanager.obj
d:\disk google\vsprojects\vsb\zpg\oop\oop\debug\objectfactory.obj
d:\disk google\vsprojects\vsb\zpg\oop\oop\debug\modelsuziflat.obj
d:\disk google\vsprojects\vsb\zpg\oop\oop\debug\modelsphere.obj
d:\disk google\vsprojects\vsb\zpg\oop\oop\debug\modelskybox.obj
d:\disk google\vsprojects\vsb\zpg\oop\oop\debug\modelplane.obj
d:\disk google\vsprojects\vsb\zpg\oop\oop\debug\modelplain.obj
d:\disk google\vsprojects\vsb\zpg\oop\oop\debug\modelhouse.obj
d:\disk google\vsprojects\vsb\zpg\oop\oop\debug\mesh.obj
d:\disk google\vsprojects\vsb\zpg\oop\oop\debug\abstractobject.obj
d:\disk google\vsprojects\vsb\zpg\oop\oop\debug\abstractmodel.obj
d:\disk google\vsprojects\vsb\zpg\oop\oop\debug\types.obj
d:\disk google\vsprojects\vsb\zpg\oop\oop\debug\suziflat.obj
d:\disk google\vsprojects\vsb\zpg\oop\oop\debug\sphere.obj
d:\disk google\vsprojects\vsb\zpg\oop\oop\debug\house.obj
d:\disk google\vsprojects\vsb\zpg\oop\oop\debug\modelterrain.obj
d:\disk google\vsprojects\vsb\zpg\oop\oop\debug\terrain.obj
d:\disk google\vsprojects\vsb\zpg\oop\oop\debug\tree.obj
d:\disk google\vsprojects\vsb\zpg\oop\oop\debug\modeltree.obj
d:\vsprojects\vsb\zpg\oop\oop\debug\vc142.pdb
d:\vsprojects\vsb\zpg\oop\oop\debug\vc142.idb
d:\vsprojects\vsb\zpg\oop\oop\debug\source.obj
d:\vsprojects\vsb\zpg\oop\oop\debug\skybox.obj
d:\vsprojects\vsb\zpg\oop\oop\debug\shaderloader.obj
d:\vsprojects\vsb\zpg\oop\oop\debug\shader.obj
d:\vsprojects\vsb\zpg\oop\oop\debug\renderer.obj
d:\vsprojects\vsb\zpg\oop\oop\debug\plain.obj
d:\vsprojects\vsb\zpg\oop\oop\debug\objectmanager.obj
d:\vsprojects\vsb\zpg\oop\oop\debug\objectfactory.obj
d:\vsprojects\vsb\zpg\oop\oop\debug\modeltree.obj
d:\vsprojects\vsb\zpg\oop\oop\debug\modelterrain.obj
d:\vsprojects\vsb\zpg\oop\oop\debug\modelsuziflat.obj
d:\vsprojects\vsb\zpg\oop\oop\debug\modelsphere.obj
d:\vsprojects\vsb\zpg\oop\oop\debug\modelskybox.obj
d:\vsprojects\vsb\zpg\oop\oop\debug\modelplain.obj
d:\vsprojects\vsb\zpg\oop\oop\debug\modelhouse.obj
d:\vsprojects\vsb\zpg\oop\oop\debug\house.obj
d:\vsprojects\vsb\zpg\oop\oop\debug\camera.obj
d:\vsprojects\vsb\zpg\oop\oop\debug\application.obj
d:\vsprojects\vsb\zpg\oop\oop\debug\abstractobject.obj
d:\vsprojects\vsb\zpg\oop\oop\debug\abstractmodel.obj
d:\vsprojects\vsb\zpg\oop\oop\debug\window.obj
d:\vsprojects\vsb\zpg\oop\oop\debug\types.obj
d:\vsprojects\vsb\zpg\oop\oop\debug\tree.obj
d:\vsprojects\vsb\zpg\oop\oop\debug\terrain.obj
d:\vsprojects\vsb\zpg\oop\oop\debug\suziflat.obj
d:\vsprojects\vsb\zpg\oop\oop\debug\sphere.obj
d:\vsprojects\vsb\zpg\oop\oop\debug\itransformation.obj
d:\vsprojects\vsb\zpg\oop\oop\debug\vc143.pdb
d:\vsprojects\vsb\zpg\oop\oop\debug\zombie.obj
d:\vsprojects\vsb\zpg\oop\oop\debug\modelzombie.obj
d:\vsprojects\vsb\zpg\oop\oop\debug\modelconcreteground.obj
d:\vsprojects\vsb\zpg\oop\oop\debug\concreteground.obj
d:\vsprojects\vsb\zpg\oop\oop\debug\vc143.idb
d:\github\opengl\oop\oop\debug\vc143.pdb
d:\github\opengl\oop\oop\debug\vc143.idb
d:\github\opengl\oop\oop\debug\shader.obj
d:\github\opengl\oop\oop\debug\renderer.obj
d:\github\opengl\oop\oop\debug\plain.obj
d:\github\opengl\oop\oop\debug\objectmanager.obj
d:\github\opengl\oop\oop\debug\objectfactory.obj
d:\github\opengl\oop\oop\debug\modelzombie.obj
d:\github\opengl\oop\oop\debug\modeltree.obj
d:\github\opengl\oop\oop\debug\modelterrain.obj
d:\github\opengl\oop\oop\debug\modelsuziflat.obj
d:\github\opengl\oop\oop\debug\modelsphere.obj
d:\github\opengl\oop\oop\debug\modelskybox.obj
d:\github\opengl\oop\oop\debug\modelplain.obj
d:\github\opengl\oop\oop\debug\modelhouse.obj
d:\github\opengl\oop\oop\debug\modelconcreteground.obj
d:\github\opengl\oop\oop\debug\house.obj
d:\github\opengl\oop\oop\debug\concreteground.obj
d:\github\opengl\oop\oop\debug\camera.obj
d:\github\opengl\oop\oop\debug\application.obj
d:\github\opengl\oop\oop\debug\abstractobject.obj
d:\github\opengl\oop\oop\debug\abstractmodel.obj
d:\github\opengl\oop\oop\debug\zombie.obj
d:\github\opengl\oop\oop\debug\window.obj
d:\github\opengl\oop\oop\debug\types.obj
d:\github\opengl\oop\oop\debug\tree.obj
d:\github\opengl\oop\oop\debug\terrain.obj
d:\github\opengl\oop\oop\debug\suziflat.obj
d:\github\opengl\oop\oop\debug\sphere.obj
d:\github\opengl\oop\oop\debug\itransformation.obj
d:\github\opengl\oop\oop\debug\source.obj
d:\github\opengl\oop\oop\debug\skybox.obj
d:\github\opengl\oop\oop\debug\shaderloader.obj
d:\disk google\vsprojects\vsb\zpg\oop\debug\oop.exe
d:\disk google\vsprojects\vsb\zpg\oop\debug\oop.pdb
d:\vsprojects\vsb\zpg\oop\debug\oop.exe
d:\vsprojects\vsb\zpg\oop\debug\oop.pdb
d:\github\opengl\oop\debug\oop.exe
d:\github\opengl\oop\debug\oop.pdb
d:\github\opengl\oop\oop\debug\mesh.obj
d:\github\opengl\oop\oop\debug\modelplane.obj
d:\github\opengl\oop\oop\debug\vc142.idb
d:\github\opengl\oop\oop\debug\vc142.pdb
d:\github\opengl\oop\oop\debug\oop.tlog\cl.command.1.tlog
d:\github\opengl\oop\oop\debug\oop.tlog\cl.read.1.tlog
d:\github\opengl\oop\oop\debug\oop.tlog\cl.write.1.tlog
d:\github\opengl\oop\oop\debug\oop.tlog\link.command.1.tlog
d:\github\opengl\oop\oop\debug\oop.tlog\link.read.1.tlog
d:\github\opengl\oop\oop\debug\oop.tlog\link.write.1.tlog
